cf
login
logout
passwd
service-access
enable-service-access
disable-service-access
security-group
security-groups
create-security-group
update-security-group
delete-security-group
bind-security-group
unbind-security-group
bind-staging-security-group
staging-security-groups
unbind-staging-security-group
bind-running-security-group
running-security-groups
unbind-running-security-group
running-environment-variable-group
staging-environment-variable-group
set-staging-environment-variable-group
set-running-environment-variable-group
feature-flags
feature-flag
my-say
